1541618165.389843 client started (3458): version 2.6, socket /tmp/tmux-1000/default, protocol 8
1541618165.389942 on Linux 4.4.0-17134-Microsoft #345-Microsoft Wed Sep 19 17:47:00 PST 2018; libevent 2.1.8-stable (poll)
1541618165.389987 socket is /tmp/tmux-1000/default
1541618165.390012 trying connect
1541618165.390162 add peer 0x7ffff3fe69c0: 6 ((nil))
1541618165.390351 sending message 100 to peer 0x7ffff3fe69c0 (4 bytes)
1541618165.390374 sending message 101 to peer 0x7ffff3fe69c0 (16 bytes)
1541618165.395631 sending message 102 to peer 0x7ffff3fe69c0 (11 bytes)
1541618165.395667 sending message 108 to peer 0x7ffff3fe69c0 (53 bytes)
1541618165.395685 sending message 104 to peer 0x7ffff3fe69c0 (0 bytes)
1541618165.395695 sending message 107 to peer 0x7ffff3fe69c0 (4 bytes)
1541618165.395705 sending message 105 to peer 0x7ffff3fe69c0 (73 bytes)
1541618165.395751 sending message 105 to peer 0x7ffff3fe69c0 (16 bytes)
1541618165.395761 sending message 105 to peer 0x7ffff3fe69c0 (34 bytes)
1541618165.395770 sending message 105 to peer 0x7ffff3fe69c0 (13 bytes)
1541618165.395779 sending message 105 to peer 0x7ffff3fe69c0 (60 bytes)
1541618165.395787 sending message 105 to peer 0x7ffff3fe69c0 (12 bytes)
1541618165.395796 sending message 105 to peer 0x7ffff3fe69c0 (37 bytes)
1541618165.395805 sending message 105 to peer 0x7ffff3fe69c0 (10 bytes)
1541618165.395814 sending message 105 to peer 0x7ffff3fe69c0 (22 bytes)
1541618165.395822 sending message 105 to peer 0x7ffff3fe69c0 (18 bytes)
1541618165.395831 sending message 105 to peer 0x7ffff3fe69c0 (23 bytes)
1541618165.395840 sending message 105 to peer 0x7ffff3fe69c0 (57 bytes)
1541618165.395848 sending message 105 to peer 0x7ffff3fe69c0 (77 bytes)
1541618165.395858 sending message 105 to peer 0x7ffff3fe69c0 (16 bytes)
1541618165.395866 sending message 105 to peer 0x7ffff3fe69c0 (17 bytes)
1541618165.395875 sending message 105 to peer 0x7ffff3fe69c0 (20 bytes)
1541618165.395889 sending message 105 to peer 0x7ffff3fe69c0 (34 bytes)
1541618165.395899 sending message 105 to peer 0x7ffff3fe69c0 (65 bytes)
1541618165.395907 sending message 105 to peer 0x7ffff3fe69c0 (21 bytes)
1541618165.395916 sending message 105 to peer 0x7ffff3fe69c0 (16 bytes)
1541618165.395926 sending message 105 to peer 0x7ffff3fe69c0 (23 bytes)
1541618165.395935 sending message 105 to peer 0x7ffff3fe69c0 (13 bytes)
1541618165.395944 sending message 105 to peer 0x7ffff3fe69c0 (8 bytes)
1541618165.395954 sending message 105 to peer 0x7ffff3fe69c0 (13 bytes)
1541618165.395963 sending message 105 to peer 0x7ffff3fe69c0 (26 bytes)
1541618165.395971 sending message 105 to peer 0x7ffff3fe69c0 (32 bytes)
1541618165.395981 sending message 105 to peer 0x7ffff3fe69c0 (1546 bytes)
1541618165.396007 sending message 105 to peer 0x7ffff3fe69c0 (8 bytes)
1541618165.396017 sending message 105 to peer 0x7ffff3fe69c0 (32 bytes)
1541618165.396025 sending message 105 to peer 0x7ffff3fe69c0 (16 bytes)
1541618165.396035 sending message 105 to peer 0x7ffff3fe69c0 (16 bytes)
1541618165.396043 sending message 106 to peer 0x7ffff3fe69c0 (0 bytes)
1541618165.396057 sending message 200 to peer 0x7ffff3fe69c0 (4 bytes)
1541618165.396067 client loop enter
1541618165.396695 peer 0x7ffff3fe69c0 message 211
1541618165.396735 peer 0x7ffff3fe69c0 message 203
1541618165.396747 client loop exit
